  FileName.cpp
C:\Users\Andrey\source\repos\Project7\Project7\FileName.cpp(10,13): warning C4566: символ, представленный универсальным именем символа "\u0412", невозможно представить в текущей кодовой странице (1252)
C:\Users\Andrey\source\repos\Project7\Project7\FileName.cpp(10,13): warning C4566: символ, представленный универсальным именем символа "\u0432", невозможно представить в текущей кодовой странице (1252)
C:\Users\Andrey\source\repos\Project7\Project7\FileName.cpp(10,13): warning C4566: символ, представленный универсальным именем символа "\u0435", невозможно представить в текущей кодовой странице (1252)
C:\Users\Andrey\source\repos\Project7\Project7\FileName.cpp(10,13): warning C4566: символ, представленный универсальным именем символа "\u0434", невозможно представить в текущей кодовой странице (1252)
C:\Users\Andrey\source\repos\Project7\Project7\FileName.cpp(10,13): warning C4566: символ, представленный универсальным именем символа "\u0438", невозможно представить в текущей кодовой странице (1252)
C:\Users\Andrey\source\repos\Project7\Project7\FileName.cpp(10,13): warning C4566: символ, представленный универсальным именем символа "\u0442", невозможно представить в текущей кодовой странице (1252)
C:\Users\Andrey\source\repos\Project7\Project7\FileName.cpp(10,13): warning C4566: символ, представленный универсальным именем символа "\u043A", невозможно представить в текущей кодовой странице (1252)
C:\Users\Andrey\source\repos\Project7\Project7\FileName.cpp(10,13): warning C4566: символ, представленный универсальным именем символа "\u043E", невозможно представить в текущей кодовой странице (1252)
C:\Users\Andrey\source\repos\Project7\Project7\FileName.cpp(10,13): warning C4566: символ, представленный универсальным именем символа "\u043B", невозможно представить в текущей кодовой странице (1252)
C:\Users\Andrey\source\repos\Project7\Project7\FileName.cpp(10,13): warning C4566: символ, представленный универсальным именем символа "\u0447", невозможно представить в текущей кодовой странице (1252)
C:\Users\Andrey\source\repos\Project7\Project7\FileName.cpp(10,13): warning C4566: символ, представленный универсальным именем символа "\u0441", невозможно представить в текущей кодовой странице (1252)
C:\Users\Andrey\source\repos\Project7\Project7\FileName.cpp(10,13): warning C4566: символ, представленный универсальным именем символа "\u044D", невозможно представить в текущей кодовой странице (1252)
C:\Users\Andrey\source\repos\Project7\Project7\FileName.cpp(10,13): warning C4566: символ, представленный универсальным именем символа "\u043C", невозможно представить в текущей кодовой странице (1252)
C:\Users\Andrey\source\repos\Project7\Project7\FileName.cpp(10,13): warning C4566: символ, представленный универсальным именем символа "\u043D", невозможно представить в текущей кодовой странице (1252)
C:\Users\Andrey\source\repos\Project7\Project7\FileName.cpp(10,13): warning C4566: символ, представленный универсальным именем символа "\u0430", невозможно представить в текущей кодовой странице (1252)
C:\Users\Andrey\source\repos\Project7\Project7\FileName.cpp(15,13): warning C4566: символ, представленный универсальным именем символа "\u0412", невозможно представить в текущей кодовой странице (1252)
C:\Users\Andrey\source\repos\Project7\Project7\FileName.cpp(15,13): warning C4566: символ, представленный универсальным именем символа "\u0432", невозможно представить в текущей кодовой странице (1252)
C:\Users\Andrey\source\repos\Project7\Project7\FileName.cpp(15,13): warning C4566: символ, представленный универсальным именем символа "\u0435", невозможно представить в текущей кодовой странице (1252)
C:\Users\Andrey\source\repos\Project7\Project7\FileName.cpp(15,13): warning C4566: символ, представленный универсальным именем символа "\u0434", невозможно представить в текущей кодовой странице (1252)
C:\Users\Andrey\source\repos\Project7\Project7\FileName.cpp(15,13): warning C4566: символ, представленный универсальным именем символа "\u0438", невозможно представить в текущей кодовой странице (1252)
C:\Users\Andrey\source\repos\Project7\Project7\FileName.cpp(15,13): warning C4566: символ, представленный универсальным именем символа "\u0442", невозможно представить в текущей кодовой странице (1252)
C:\Users\Andrey\source\repos\Project7\Project7\FileName.cpp(15,13): warning C4566: символ, представленный универсальным именем символа "\u044D", невозможно представить в текущей кодовой странице (1252)
C:\Users\Andrey\source\repos\Project7\Project7\FileName.cpp(15,13): warning C4566: символ, представленный универсальным именем символа "\u043B", невозможно представить в текущей кодовой странице (1252)
C:\Users\Andrey\source\repos\Project7\Project7\FileName.cpp(15,13): warning C4566: символ, представленный универсальным именем символа "\u043C", невозможно представить в текущей кодовой странице (1252)
C:\Users\Andrey\source\repos\Project7\Project7\FileName.cpp(15,13): warning C4566: символ, представленный универсальным именем символа "\u043D", невозможно представить в текущей кодовой странице (1252)
C:\Users\Andrey\source\repos\Project7\Project7\FileName.cpp(15,13): warning C4566: символ, представленный универсальным именем символа "\u044B", невозможно представить в текущей кодовой странице (1252)
C:\Users\Andrey\source\repos\Project7\Project7\FileName.cpp(15,13): warning C4566: символ, представленный универсальным именем символа "\u0430", невозможно представить в текущей кодовой странице (1252)
C:\Users\Andrey\source\repos\Project7\Project7\FileName.cpp(15,13): warning C4566: символ, представленный универсальным именем символа "\u0441", невозможно представить в текущей кодовой странице (1252)
C:\Users\Andrey\source\repos\Project7\Project7\FileName.cpp(20,13): warning C4566: символ, представленный универсальным именем символа "\u0412", невозможно представить в текущей кодовой странице (1252)
C:\Users\Andrey\source\repos\Project7\Project7\FileName.cpp(20,13): warning C4566: символ, представленный универсальным именем символа "\u0432", невозможно представить в текущей кодовой странице (1252)
C:\Users\Andrey\source\repos\Project7\Project7\FileName.cpp(20,13): warning C4566: символ, представленный универсальным именем символа "\u0435", невозможно представить в текущей кодовой странице (1252)
C:\Users\Andrey\source\repos\Project7\Project7\FileName.cpp(20,13): warning C4566: символ, представленный универсальным именем символа "\u0434", невозможно представить в текущей кодовой странице (1252)
C:\Users\Andrey\source\repos\Project7\Project7\FileName.cpp(20,13): warning C4566: символ, представленный универсальным именем символа "\u0438", невозможно представить в текущей кодовой странице (1252)
C:\Users\Andrey\source\repos\Project7\Project7\FileName.cpp(20,13): warning C4566: символ, представленный универсальным именем символа "\u0442", невозможно представить в текущей кодовой странице (1252)
C:\Users\Andrey\source\repos\Project7\Project7\FileName.cpp(20,13): warning C4566: символ, представленный универсальным именем символа "\u044D", невозможно представить в текущей кодовой странице (1252)
C:\Users\Andrey\source\repos\Project7\Project7\FileName.cpp(20,13): warning C4566: символ, представленный универсальным именем символа "\u043B", невозможно представить в текущей кодовой странице (1252)
C:\Users\Andrey\source\repos\Project7\Project7\FileName.cpp(20,13): warning C4566: символ, представленный универсальным именем символа "\u043C", невозможно представить в текущей кодовой странице (1252)
C:\Users\Andrey\source\repos\Project7\Project7\FileName.cpp(20,13): warning C4566: символ, представленный универсальным именем символа "\u043D", невозможно представить в текущей кодовой странице (1252)
C:\Users\Andrey\source\repos\Project7\Project7\FileName.cpp(20,13): warning C4566: символ, представленный универсальным именем символа "\u044F", невозможно представить в текущей кодовой странице (1252)
C:\Users\Andrey\source\repos\Project7\Project7\FileName.cpp(20,13): warning C4566: символ, представленный универсальным именем символа "\u0443", невозможно представить в текущей кодовой странице (1252)
C:\Users\Andrey\source\repos\Project7\Project7\FileName.cpp(20,13): warning C4566: символ, представленный универсальным именем символа "\u0430", невозможно представить в текущей кодовой странице (1252)
C:\Users\Andrey\source\repos\Project7\Project7\FileName.cpp(35,13): warning C4566: символ, представленный универсальным именем символа "\u041E", невозможно представить в текущей кодовой странице (1252)
C:\Users\Andrey\source\repos\Project7\Project7\FileName.cpp(35,13): warning C4566: символ, представленный универсальным именем символа "\u0431", невозможно представить в текущей кодовой странице (1252)
C:\Users\Andrey\source\repos\Project7\Project7\FileName.cpp(35,13): warning C4566: символ, представленный универсальным именем символа "\u043D", невозможно представить в текущей кодовой странице (1252)
C:\Users\Andrey\source\repos\Project7\Project7\FileName.cpp(35,13): warning C4566: символ, представленный универсальным именем символа "\u043E", невозможно представить в текущей кодовой странице (1252)
C:\Users\Andrey\source\repos\Project7\Project7\FileName.cpp(35,13): warning C4566: символ, представленный универсальным именем символа "\u0432", невозможно представить в текущей кодовой странице (1252)
C:\Users\Andrey\source\repos\Project7\Project7\FileName.cpp(35,13): warning C4566: символ, представленный универсальным именем символа "\u043B", невозможно представить в текущей кодовой странице (1252)
C:\Users\Andrey\source\repos\Project7\Project7\FileName.cpp(35,13): warning C4566: символ, представленный универсальным именем символа "\u0435", невозможно представить в текущей кодовой странице (1252)
C:\Users\Andrey\source\repos\Project7\Project7\FileName.cpp(35,13): warning C4566: символ, представленный универсальным именем символа "\u044B", невозможно представить в текущей кодовой странице (1252)
C:\Users\Andrey\source\repos\Project7\Project7\FileName.cpp(35,13): warning C4566: символ, представленный универсальным именем символа "\u0439", невозможно представить в текущей кодовой странице (1252)
C:\Users\Andrey\source\repos\Project7\Project7\FileName.cpp(35,13): warning C4566: символ, представленный универсальным именем символа "\u043C", невозможно представить в текущей кодовой странице (1252)
C:\Users\Andrey\source\repos\Project7\Project7\FileName.cpp(35,13): warning C4566: символ, представленный универсальным именем символа "\u0430", невозможно представить в текущей кодовой странице (1252)
C:\Users\Andrey\source\repos\Project7\Project7\FileName.cpp(35,13): warning C4566: символ, представленный универсальным именем символа "\u0441", невозможно представить в текущей кодовой странице (1252)
C:\Users\Andrey\source\repos\Project7\Project7\FileName.cpp(35,13): warning C4566: символ, представленный универсальным именем символа "\u0438", невозможно представить в текущей кодовой странице (1252)
  Project7.vcxproj -> C:\Users\Andrey\source\repos\Project7\x64\Debug\Project7.exe
